<?xml version="1.0" encoding="UTF-8" ?>
<testsuite errors="0" failures="0" hostname="debian23006503" name="com.library.LibrarianSpec" tests="1" time="5.217" timestamp="2015-03-09T12:04:52">
  <properties />
  <testcase classname="com.library.LibrarianSpec" name="test toString" time="5.094" />
  <system-out><![CDATA[--Output from test toString--
]]></system-out>
  <system-err><![CDATA[--Output from test toString--
]]></system-err>
</testsuite>
